GroupA/10-1-Intents-BuiltIn/app/build/intermediates/manifest_merge_blame_file/debug/manifest-merger-blame-debug-report.txt
1<?xml version="1.0" encoding="utf-8"?>
2<manifest xmlns:android="http://schemas.android.com/apk/res/android"
3    package="csu.matos.intents_builtin"
4    android:versionCode="1"
5    android:versionName="1.0" >
6
7    <uses-sdk
7-->src\main\AndroidManifest.xml:7:5-8:40
8        android:minSdkVersion="27"
8-->src\main\AndroidManifest.xml:7:5-8:40
9        android:targetSdkVersion="27" />
9-->src\main\AndroidManifest.xml:8:8-37
10
11    <uses-permission android:name="android.permission.CALL_PHONE" />
11-->src\main\AndroidManifest.xml:10:5-69
11-->src\main\AndroidManifest.xml:10:22-66
12    <uses-permission android:name="android.permission.INTERNET" />
12-->src\main\AndroidManifest.xml:11:5-67
12-->src\main\AndroidManifest.xml:11:22-64
13    <uses-permission android:name="android.permission.WRITE_EXTERNAL_STORAGE" />
13-->src\main\AndroidManifest.xml:12:5-81
13-->src\main\AndroidManifest.xml:12:22-78
14    <uses-permission android:name="android.permission.ACCESS_COARSE_LOCATION" />
14-->src\main\AndroidManifest.xml:13:5-81
14-->src\main\AndroidManifest.xml:13:22-78
15    <uses-permission android:name="android.permission.ACCESS_FINE_LOCATION" />
15-->src\main\AndroidManifest.xml:14:5-79
15-->src\main\AndroidManifest.xml:14:22-76
16    <uses-permission android:name="com.google.android.providers.gsf.permission.READ_GSERVICES" />
16-->src\main\AndroidManifest.xml:15:5-98
16-->src\main\AndroidManifest.xml:15:22-95
17    <uses-permission android:name="csu.matos.intents_builtin.permission.MAPS_RECEIVE" />
17-->src\main\AndroidManifest.xml:16:5-89
17-->src\main\AndroidManifest.xml:16:22-86
18
19    <permission
19-->src\main\AndroidManifest.xml:18:5-20:47
20        android:name="csu.matos.intents_builtin.permission.MAPS_RECEIVE"
20-->src\main\AndroidManifest.xml:19:9-73
21        android:protectionLevel="signature" />
21-->src\main\AndroidManifest.xml:20:9-44
22
23    <uses-permission android:name="csu.matos.intents_builtin.permission.MAPS_RECEIVE" />
23-->src\main\AndroidManifest.xml:16:5-89
23-->src\main\AndroidManifest.xml:16:22-86
24
25    <application
25-->src\main\AndroidManifest.xml:23:5-41:19
26        android:allowBackup="true"
26-->src\main\AndroidManifest.xml:24:9-35
27        android:appComponentFactory="android.support.v4.app.CoreComponentFactory"
27-->[com.android.support:support-compat:28.0.0] AndroidManifest.xml:22:18-91
28        android:debuggable="true"
29        android:icon="@drawable/ic_launcher"
29-->src\main\AndroidManifest.xml:25:9-45
30        android:label="@string/app_name"
30-->src\main\AndroidManifest.xml:26:9-41
31        android:testOnly="true"
32        android:theme="@style/AppTheme" >
32-->src\main\AndroidManifest.xml:27:9-40
33        <meta-data
33-->src\main\AndroidManifest.xml:28:9-30:71
34            android:name="com.google.android.maps.v2.API_KEY"
34-->src\main\AndroidManifest.xml:29:13-62
35            android:value="AIzaSyA3ir9hbmAyCF321YIuJU8qWHyiJp36qH0" />
35-->src\main\AndroidManifest.xml:30:13-68
36
37        <activity
37-->src\main\AndroidManifest.xml:32:9-40:20
38            android:name="csu.matos.intents_builtin.MainActivity"
38-->src\main\AndroidManifest.xml:33:13-66
39            android:label="@string/app_name" >
39-->src\main\AndroidManifest.xml:34:13-45
40            <intent-filter>
40-->src\main\AndroidManifest.xml:35:13-39:29
41                <action android:name="android.intent.action.MAIN" />
41-->src\main\AndroidManifest.xml:36:17-69
41-->src\main\AndroidManifest.xml:36:25-66
42
43                <category android:name="android.intent.category.LAUNCHER" />
43-->src\main\AndroidManifest.xml:38:17-77
43-->src\main\AndroidManifest.xml:38:27-74
44            </intent-filter>
45        </activity>
46    </application>
47
48</manifest>